<?xml version="1.0" encoding="UTF-8"?>
<testng-results skipped="0" failed="0" ignored="0" total="1" passed="1">
  <reporter-output>
  </reporter-output>
  <suite name="Suite" duration-ms="40813" started-at="2021-05-17T11:36:42Z" finished-at="2021-05-17T11:37:23Z">
    <groups>
    </groups>
    <test name="Test" duration-ms="40813" started-at="2021-05-17T11:36:42Z" finished-at="2021-05-17T11:37:23Z">
      <class name="com.orangehrmtest.LoginTest">
        <test-method status="PASS" signature="verifyLogin()[pri:0, instance:com.orangehrmtest.LoginTest@51081592]" name="verifyLogin" duration-ms="40649" started-at="2021-05-17T17:06:43Z" finished-at="2021-05-17T17:07:23Z">
          <reporter-output>
          </reporter-output>
        </test-method> <!-- verifyLogin -->
      </class> <!-- com.orangehrmtest.LoginTest -->
    </test> <!-- Test -->
  </suite> <!-- Suite -->
</testng-results>
